<?xml version="1.0" encoding="UTF-8"?>
<testng-results ignored="0" total="1" passed="1" failed="0" skipped="0">
  <reporter-output>
  </reporter-output>
  <suite started-at="2023-11-09T23:10:33 EST" name="Suite" finished-at="2023-11-09T23:10:46 EST" duration-ms="13392">
    <groups>
    </groups>
    <test started-at="2023-11-09T23:10:33 EST" name="Test" finished-at="2023-11-09T23:10:46 EST" duration-ms="13392">
      <class name="com.qa.tn.TN_register">
        <test-method is-config="true" signature="setup()[pri:0, instance:com.qa.tn.TN_register@1700915]" started-at="2023-11-09T23:10:33 EST" name="setup" finished-at="2023-11-09T23:10:45 EST" duration-ms="12154" status="PASS">
          <reporter-output>
          </reporter-output>
        </test-method> <!-- setup -->
        <test-method signature="verifyRegisterWithMandatoryFields()[pri:1, instance:com.qa.tn.TN_register@1700915]" started-at="2023-11-09T23:10:45 EST" name="verifyRegisterWithMandatoryFields" finished-at="2023-11-09T23:10:46 EST" duration-ms="1089" status="PASS">
          <reporter-output>
          </reporter-output>
        </test-method> <!-- verifyRegisterWithMandatoryFields -->
        <test-method is-config="true" signature="tearDown()[pri:0, instance:com.qa.tn.TN_register@1700915]" started-at="2023-11-09T23:10:46 EST" name="tearDown" finished-at="2023-11-09T23:10:46 EST" duration-ms="130" status="PASS">
          <reporter-output>
          </reporter-output>
        </test-method> <!-- tearDown -->
      </class> <!-- com.qa.tn.TN_register -->
    </test> <!-- Test -->
  </suite> <!-- Suite -->
</testng-results>
