<?xml version="1.0" encoding="UTF-8"?>
<testng-results ignored="0" total="1" passed="1" failed="0" skipped="0">
  <reporter-output>
  </reporter-output>
  <suite started-at="2023-11-09T23:01:14 EST" name="Default suite" finished-at="2023-11-09T23:01:25 EST" duration-ms="10561">
    <groups>
    </groups>
    <test started-at="2023-11-09T23:01:14 EST" name="Default test" finished-at="2023-11-09T23:01:25 EST" duration-ms="10561">
      <class name="com.qa.tn.TN_register">
        <test-method is-config="true" signature="setup()[pri:0, instance:com.qa.tn.TN_register@54e1c68b]" started-at="2023-11-09T23:01:14 EST" name="setup" finished-at="2023-11-09T23:01:23 EST" duration-ms="9296" status="PASS">
          <reporter-output>
          </reporter-output>
        </test-method> <!-- setup -->
        <test-method signature="verifyRegisterWithMandatoryFields()[pri:1, instance:com.qa.tn.TN_register@54e1c68b]" started-at="2023-11-09T23:01:23 EST" name="verifyRegisterWithMandatoryFields" finished-at="2023-11-09T23:01:24 EST" duration-ms="1098" status="PASS">
          <reporter-output>
          </reporter-output>
        </test-method> <!-- verifyRegisterWithMandatoryFields -->
        <test-method is-config="true" signature="tearDown()[pri:0, instance:com.qa.tn.TN_register@54e1c68b]" started-at="2023-11-09T23:01:24 EST" name="tearDown" finished-at="2023-11-09T23:01:25 EST" duration-ms="130" status="PASS">
          <reporter-output>
          </reporter-output>
        </test-method> <!-- tearDown -->
      </class> <!-- com.qa.tn.TN_register -->
    </test> <!-- Default test -->
  </suite> <!-- Default suite -->
</testng-results>
